<?xml version="1.0" encoding="utf-8"?><testsuite errors="1" failures="0" name="pytest" skips="0" tests="1" time="0.284"><testcase classname="" file="test/index_test.py" name="test.index_test" time="0"><error message="collection failure">ImportError while importing test module &apos;/home/patient-store-1102/sqlalchemy-basic-many-to-many-lab-nyc-career-ds-102218/test/index_test.py&apos;.
Hint: make sure your test modules/packages have valid Python names.
Traceback:
test/index_test.py:6: in &lt;module&gt;
    exec(open(&quot;./seed.py&quot;).read())
E   ImportError: cannot import name &apos;Actor&apos;</error></testcase></testsuite>